2025-04-04 10:03:05.993759 - Received CBT.V508.FILE456.PDS from FILE456.XMI 
2025-04-04 10:03:06.000583 - Found $$$#DATE.txt (text/plain) in CBT.V508.FILE456.PDS, moved to PDS/$$$#DATE
2025-04-04 10:03:06.000784 - Found $$$DOC.txt (text/plain) in CBT.V508.FILE456.PDS, moved to PDS/$$$DOC
2025-04-04 10:03:06.000938 - Found $$$PROCS.jcl (text/plain) in CBT.V508.FILE456.PDS, moved to PDS/$$$PROCS
2025-04-04 10:03:06.001071 - Found #DOC#.txt (text/plain) in CBT.V508.FILE456.PDS, moved to PDS/#DOC#
2025-04-04 10:03:06.001197 - Found #INFO#.txt (text/plain) in CBT.V508.FILE456.PDS, moved to PDS/#INFO#
2025-04-04 10:03:06.001335 - Found @FILE456.txt (text/plain) in CBT.V508.FILE456.PDS, moved to PDS/@FILE456
2025-04-04 10:03:06.001460 - Found AIDINIT.txt (text/plain) in CBT.V508.FILE456.PDS, moved to PDS/AIDINIT
2025-04-04 10:03:06.001590 - Found AIDINIT$.jcl (text/plain) in CBT.V508.FILE456.PDS, moved to PDS/AIDINIT$
2025-04-04 10:03:06.001733 - Found AIDINIT@.txt (text/plain) in CBT.V508.FILE456.PDS, moved to PDS/AIDINIT@
2025-04-04 10:03:06.001882 - Found AIDLOAD.txt (text/plain) in CBT.V508.FILE456.PDS, moved to PDS/AIDLOAD
2025-04-04 10:03:06.002026 - Found AIDLOAD$.jcl (text/plain) in CBT.V508.FILE456.PDS, moved to PDS/AIDLOAD$
2025-04-04 10:03:06.002171 - Found AIDLOAD@.txt (text/plain) in CBT.V508.FILE456.PDS, moved to PDS/AIDLOAD@
2025-04-04 10:03:06.002323 - Found AIDSYNC.txt (text/plain) in CBT.V508.FILE456.PDS, moved to PDS/AIDSYNC
2025-04-04 10:03:06.002466 - Found AIDSYNC$.jcl (text/plain) in CBT.V508.FILE456.PDS, moved to PDS/AIDSYNC$
2025-04-04 10:03:06.002596 - Found AIDSYNC@.txt (text/plain) in CBT.V508.FILE456.PDS, moved to PDS/AIDSYNC@
2025-04-04 10:03:06.002710 - Found AIDUNLD.txt (text/plain) in CBT.V508.FILE456.PDS, moved to PDS/AIDUNLD
2025-04-04 10:03:06.002832 - Found AIDUNLD$.jcl (text/plain) in CBT.V508.FILE456.PDS, moved to PDS/AIDUNLD$
2025-04-04 10:03:06.002962 - Found AIDUNLD@.txt (text/plain) in CBT.V508.FILE456.PDS, moved to PDS/AIDUNLD@
2025-04-04 10:03:06.003079 - Found AIDUPDT.txt (text/plain) in CBT.V508.FILE456.PDS, moved to PDS/AIDUPDT
2025-04-04 10:03:06.003201 - Found AIDUPDT$.jcl (text/plain) in CBT.V508.FILE456.PDS, moved to PDS/AIDUPDT$
2025-04-04 10:03:06.003329 - Found AIDUPDT@.txt (text/plain) in CBT.V508.FILE456.PDS, moved to PDS/AIDUPDT@
2025-04-04 10:03:06.003501 - Found AMRUTIL.txt (text/plain) in CBT.V508.FILE456.PDS, moved to PDS/AMRUTIL
2025-04-04 10:03:06.003622 - Found AMRUTIL$.jcl (text/plain) in CBT.V508.FILE456.PDS, moved to PDS/AMRUTIL$
2025-04-04 10:03:06.003741 - Found AMRUTIL@.txt (text/plain) in CBT.V508.FILE456.PDS, moved to PDS/AMRUTIL@
2025-04-04 10:03:06.003923 - Found AUT$.jcl (text/plain) in CBT.V508.FILE456.PDS, moved to PDS/AUT$
2025-04-04 10:03:06.004057 - Found AUT@.txt (text/plain) in CBT.V508.FILE456.PDS, moved to PDS/AUT@
2025-04-04 10:03:06.004186 - Found AUT10.txt (text/plain) in CBT.V508.FILE456.PDS, moved to PDS/AUT10
2025-04-04 10:03:06.004310 - Found AUT11.txt (text/plain) in CBT.V508.FILE456.PDS, moved to PDS/AUT11
2025-04-04 10:03:06.004439 - Found AUT20.txt (text/plain) in CBT.V508.FILE456.PDS, moved to PDS/AUT20
2025-04-04 10:03:06.004575 - Found AUT30.txt (text/plain) in CBT.V508.FILE456.PDS, moved to PDS/AUT30
2025-04-04 10:03:06.004696 - Found AUT31.txt (text/plain) in CBT.V508.FILE456.PDS, moved to PDS/AUT31
2025-04-04 10:03:06.004819 - Found AUT32.txt (text/plain) in CBT.V508.FILE456.PDS, moved to PDS/AUT32
2025-04-04 10:03:06.004934 - Found AUT33.txt (text/plain) in CBT.V508.FILE456.PDS, moved to PDS/AUT33
2025-04-04 10:03:06.005047 - Found AUT40.txt (text/plain) in CBT.V508.FILE456.PDS, moved to PDS/AUT40
2025-04-04 10:03:06.005194 - Found AUT90.txt (text/plain) in CBT.V508.FILE456.PDS, moved to PDS/AUT90
2025-04-04 10:03:06.005309 - Found AUT95.txt (text/plain) in CBT.V508.FILE456.PDS, moved to PDS/AUT95
2025-04-04 10:03:06.005443 - Found AUT96.txt (text/plain) in CBT.V508.FILE456.PDS, moved to PDS/AUT96
2025-04-04 10:03:06.005579 - Found AUT97.txt (text/plain) in CBT.V508.FILE456.PDS, moved to PDS/AUT97
2025-04-04 10:03:06.005700 - Found AUT98.txt (text/plain) in CBT.V508.FILE456.PDS, moved to PDS/AUT98
2025-04-04 10:03:06.005817 - Found AUT99.txt (text/plain) in CBT.V508.FILE456.PDS, moved to PDS/AUT99
2025-04-04 10:03:06.005946 - Found CATLIST.txt (text/plain) in CBT.V508.FILE456.PDS, moved to PDS/CATLIST
2025-04-04 10:03:06.006070 - Found CATLIST$.jcl (text/plain) in CBT.V508.FILE456.PDS, moved to PDS/CATLIST$
2025-04-04 10:03:06.006196 - Found CATLIST@.txt (text/plain) in CBT.V508.FILE456.PDS, moved to PDS/CATLIST@
2025-04-04 10:03:06.006314 - Found CLA001.txt (text/plain) in CBT.V508.FILE456.PDS, moved to PDS/CLA001
2025-04-04 10:03:06.006454 - Found CLA002.txt (text/plain) in CBT.V508.FILE456.PDS, moved to PDS/CLA002
2025-04-04 10:03:06.006578 - Found CLA003.txt (text/plain) in CBT.V508.FILE456.PDS, moved to PDS/CLA003
2025-04-04 10:03:06.006697 - Found CLA004.txt (text/plain) in CBT.V508.FILE456.PDS, moved to PDS/CLA004
2025-04-04 10:03:06.006829 - Found CLA005.txt (text/plain) in CBT.V508.FILE456.PDS, moved to PDS/CLA005
2025-04-04 10:03:06.006946 - Found CLA006.txt (text/plain) in CBT.V508.FILE456.PDS, moved to PDS/CLA006
2025-04-04 10:03:06.007059 - Found CLA007.txt (text/plain) in CBT.V508.FILE456.PDS, moved to PDS/CLA007
2025-04-04 10:03:06.007173 - Found CLA008.txt (text/plain) in CBT.V508.FILE456.PDS, moved to PDS/CLA008
2025-04-04 10:03:06.007287 - Found CLA009.txt (text/plain) in CBT.V508.FILE456.PDS, moved to PDS/CLA009
2025-04-04 10:03:06.007402 - Found CLA010.txt (text/plain) in CBT.V508.FILE456.PDS, moved to PDS/CLA010
2025-04-04 10:03:06.007525 - Found CLA011.txt (text/plain) in CBT.V508.FILE456.PDS, moved to PDS/CLA011
2025-04-04 10:03:06.007639 - Found CLA012.txt (text/plain) in CBT.V508.FILE456.PDS, moved to PDS/CLA012
2025-04-04 10:03:06.007774 - Found CLA013.txt (text/plain) in CBT.V508.FILE456.PDS, moved to PDS/CLA013
2025-04-04 10:03:06.007897 - Found CLA014.txt (text/plain) in CBT.V508.FILE456.PDS, moved to PDS/CLA014
2025-04-04 10:03:06.008016 - Found CLA015.txt (text/plain) in CBT.V508.FILE456.PDS, moved to PDS/CLA015
2025-04-04 10:03:06.008129 - Found CLA099.txt (text/plain) in CBT.V508.FILE456.PDS, moved to PDS/CLA099
2025-04-04 10:03:06.008244 - Found CLB001.txt (text/plain) in CBT.V508.FILE456.PDS, moved to PDS/CLB001
2025-04-04 10:03:06.008356 - Found CLB002.txt (text/plain) in CBT.V508.FILE456.PDS, moved to PDS/CLB002
2025-04-04 10:03:06.008490 - Found CLB003.txt (text/plain) in CBT.V508.FILE456.PDS, moved to PDS/CLB003
2025-04-04 10:03:06.008611 - Found CLB004.txt (text/plain) in CBT.V508.FILE456.PDS, moved to PDS/CLB004
2025-04-04 10:03:06.008725 - Found CLB005.txt (text/plain) in CBT.V508.FILE456.PDS, moved to PDS/CLB005
2025-04-04 10:03:06.008834 - Found CLB006.txt (text/plain) in CBT.V508.FILE456.PDS, moved to PDS/CLB006
2025-04-04 10:03:06.008959 - Found CLB007.txt (text/plain) in CBT.V508.FILE456.PDS, moved to PDS/CLB007
2025-04-04 10:03:06.009082 - Found CLB008.txt (text/plain) in CBT.V508.FILE456.PDS, moved to PDS/CLB008
2025-04-04 10:03:06.009202 - Found CLB009.txt (text/plain) in CBT.V508.FILE456.PDS, moved to PDS/CLB009
2025-04-04 10:03:06.009311 - Found CLB010.txt (text/plain) in CBT.V508.FILE456.PDS, moved to PDS/CLB010
2025-04-04 10:03:06.009425 - Found CLB011.txt (text/plain) in CBT.V508.FILE456.PDS, moved to PDS/CLB011
2025-04-04 10:03:06.009558 - Found CLB012.txt (text/plain) in CBT.V508.FILE456.PDS, moved to PDS/CLB012
2025-04-04 10:03:06.009679 - Found CLB013.txt (text/plain) in CBT.V508.FILE456.PDS, moved to PDS/CLB013
2025-04-04 10:03:06.009788 - Found CLC001.txt (text/plain) in CBT.V508.FILE456.PDS, moved to PDS/CLC001
2025-04-04 10:03:06.009901 - Found CLC002.txt (text/plain) in CBT.V508.FILE456.PDS, moved to PDS/CLC002
2025-04-04 10:03:06.010027 - Found CLEAN$.jcl (text/plain) in CBT.V508.FILE456.PDS, moved to PDS/CLEAN$
2025-04-04 10:03:06.010136 - Found CLEAN@.txt (text/plain) in CBT.V508.FILE456.PDS, moved to PDS/CLEAN@
2025-04-04 10:03:06.010255 - Found CLMAC.txt (text/plain) in CBT.V508.FILE456.PDS, moved to PDS/CLMAC
2025-04-04 10:03:06.010366 - Found CLMAIN.txt (text/plain) in CBT.V508.FILE456.PDS, moved to PDS/CLMAIN
2025-04-04 10:03:06.010477 - Found CLSERV.txt (text/plain) in CBT.V508.FILE456.PDS, moved to PDS/CLSERV
2025-04-04 10:03:06.010586 - Found COMPAK.txt (text/plain) in CBT.V508.FILE456.PDS, moved to PDS/COMPAK
2025-04-04 10:03:06.010707 - Found COMPAK$.jcl (text/plain) in CBT.V508.FILE456.PDS, moved to PDS/COMPAK$
2025-04-04 10:03:06.010843 - Found COMPAK@.txt (text/plain) in CBT.V508.FILE456.PDS, moved to PDS/COMPAK@
2025-04-04 10:03:06.010960 - Found DEVTGEN.txt (text/plain) in CBT.V508.FILE456.PDS, moved to PDS/DEVTGEN
2025-04-04 10:03:06.011077 - Found DEVTGEN$.jcl (text/plain) in CBT.V508.FILE456.PDS, moved to PDS/DEVTGEN$
2025-04-04 10:03:06.011194 - Found DEVTGEN@.txt (text/plain) in CBT.V508.FILE456.PDS, moved to PDS/DEVTGEN@
2025-04-04 10:03:06.011319 - Found DEVTGENP.txt (text/plain) in CBT.V508.FILE456.PDS, moved to PDS/DEVTGENP
2025-04-04 10:03:06.011439 - Found ENQANAL.txt (text/plain) in CBT.V508.FILE456.PDS, moved to PDS/ENQANAL
2025-04-04 10:03:06.011560 - Found ENQANAL$.jcl (text/plain) in CBT.V508.FILE456.PDS, moved to PDS/ENQANAL$
2025-04-04 10:03:06.011679 - Found ENQANAL@.txt (text/plain) in CBT.V508.FILE456.PDS, moved to PDS/ENQANAL@
2025-04-04 10:03:06.011813 - Found EUFAJCTB.txt (text/plain) in CBT.V508.FILE456.PDS, moved to PDS/EUFAJCTB
2025-04-04 10:03:06.011929 - Found EXIT001.txt (text/plain) in CBT.V508.FILE456.PDS, moved to PDS/EXIT001
2025-04-04 10:03:06.012057 - Found EXIT004.txt (text/plain) in CBT.V508.FILE456.PDS, moved to PDS/EXIT004
2025-04-04 10:03:06.012185 - Found EXIT005.txt (text/plain) in CBT.V508.FILE456.PDS, moved to PDS/EXIT005
2025-04-04 10:03:06.012299 - Found EXIT006.txt (text/plain) in CBT.V508.FILE456.PDS, moved to PDS/EXIT006
2025-04-04 10:03:06.012421 - Found EXIT008.txt (text/plain) in CBT.V508.FILE456.PDS, moved to PDS/EXIT008
2025-04-04 10:03:06.012533 - Found EXIT016.txt (text/plain) in CBT.V508.FILE456.PDS, moved to PDS/EXIT016
2025-04-04 10:03:06.012647 - Found GDTUTIL.txt (text/plain) in CBT.V508.FILE456.PDS, moved to PDS/GDTUTIL
2025-04-04 10:03:06.012763 - Found GDTUTIL$.jcl (text/plain) in CBT.V508.FILE456.PDS, moved to PDS/GDTUTIL$
2025-04-04 10:03:06.012890 - Found GDTUTIL@.txt (text/plain) in CBT.V508.FILE456.PDS, moved to PDS/GDTUTIL@
2025-04-04 10:03:06.013008 - Found GDTUTIN.txt (text/plain) in CBT.V508.FILE456.PDS, moved to PDS/GDTUTIN
2025-04-04 10:03:06.013122 - Found HELPLIS$.jcl (text/plain) in CBT.V508.FILE456.PDS, moved to PDS/HELPLIS$
2025-04-04 10:03:06.013249 - Found HELPLIS@.txt (text/plain) in CBT.V508.FILE456.PDS, moved to PDS/HELPLIS@
2025-04-04 10:03:06.013366 - Found HELPLIST.txt (text/plain) in CBT.V508.FILE456.PDS, moved to PDS/HELPLIST
2025-04-04 10:03:06.013491 - Found ICFLIST.txt (text/plain) in CBT.V508.FILE456.PDS, moved to PDS/ICFLIST
2025-04-04 10:03:06.013609 - Found ICFLIST$.jcl (text/plain) in CBT.V508.FILE456.PDS, moved to PDS/ICFLIST$
2025-04-04 10:03:06.013725 - Found ICFLIST@.txt (text/plain) in CBT.V508.FILE456.PDS, moved to PDS/ICFLIST@
2025-04-04 10:03:06.013840 - Found ICHCNX0$.jcl (text/plain) in CBT.V508.FILE456.PDS, moved to PDS/ICHCNX0$
2025-04-04 10:03:06.013953 - Found ICHCNX00.txt (text/plain) in CBT.V508.FILE456.PDS, moved to PDS/ICHCNX00
2025-04-04 10:03:06.014084 - Found ICHRCX01.txt (text/plain) in CBT.V508.FILE456.PDS, moved to PDS/ICHRCX01
2025-04-04 10:03:06.014201 - Found ICHRCX1$.jcl (text/plain) in CBT.V508.FILE456.PDS, moved to PDS/ICHRCX1$
2025-04-04 10:03:06.014316 - Found ICHRDSN$.jcl (text/plain) in CBT.V508.FILE456.PDS, moved to PDS/ICHRDSN$
2025-04-04 10:03:06.014450 - Found ICHRDSNT.txt (text/plain) in CBT.V508.FILE456.PDS, moved to PDS/ICHRDSNT
2025-04-04 10:03:06.014560 - Found ICHRIN03.txt (text/plain) in CBT.V508.FILE456.PDS, moved to PDS/ICHRIN03
2025-04-04 10:03:06.014680 - Found ICHRIN3$.jcl (text/plain) in CBT.V508.FILE456.PDS, moved to PDS/ICHRIN3$
2025-04-04 10:03:06.014988 - Found IEAVMXI$.jcl (text/plain) in CBT.V508.FILE456.PDS, moved to PDS/IEAVMXI$
2025-04-04 10:03:06.015111 - Found IEAVMXIT.txt (text/plain) in CBT.V508.FILE456.PDS, moved to PDS/IEAVMXIT
2025-04-04 10:03:06.015226 - Found IEFACTR$.jcl (text/plain) in CBT.V508.FILE456.PDS, moved to PDS/IEFACTR$
2025-04-04 10:03:06.015352 - Found IEFACTR@.txt (text/plain) in CBT.V508.FILE456.PDS, moved to PDS/IEFACTR@
2025-04-04 10:03:06.015469 - Found IEFACTRT.txt (text/plain) in CBT.V508.FILE456.PDS, moved to PDS/IEFACTRT
2025-04-04 10:03:06.015585 - Found IEFUJI.txt (text/plain) in CBT.V508.FILE456.PDS, moved to PDS/IEFUJI
2025-04-04 10:03:06.015700 - Found IEFUJI$.jcl (text/plain) in CBT.V508.FILE456.PDS, moved to PDS/IEFUJI$
2025-04-04 10:03:06.015818 - Found IEFUJI@.txt (text/plain) in CBT.V508.FILE456.PDS, moved to PDS/IEFUJI@
2025-04-04 10:03:06.015936 - Found IEFUJV.txt (text/plain) in CBT.V508.FILE456.PDS, moved to PDS/IEFUJV
2025-04-04 10:03:06.016063 - Found IEFUJV$.jcl (text/plain) in CBT.V508.FILE456.PDS, moved to PDS/IEFUJV$
2025-04-04 10:03:06.016175 - Found IEFUJV@.txt (text/plain) in CBT.V508.FILE456.PDS, moved to PDS/IEFUJV@
2025-04-04 10:03:06.016304 - Found IEFUSI.txt (text/plain) in CBT.V508.FILE456.PDS, moved to PDS/IEFUSI
2025-04-04 10:03:06.016419 - Found IEFUSI$.jcl (text/plain) in CBT.V508.FILE456.PDS, moved to PDS/IEFUSI$
2025-04-04 10:03:06.016550 - Found IEFUSI@.txt (text/plain) in CBT.V508.FILE456.PDS, moved to PDS/IEFUSI@
2025-04-04 10:03:06.016665 - Found IEFUTL.txt (text/plain) in CBT.V508.FILE456.PDS, moved to PDS/IEFUTL
2025-04-04 10:03:06.016783 - Found IEFUTL$.jcl (text/plain) in CBT.V508.FILE456.PDS, moved to PDS/IEFUTL$
2025-04-04 10:03:06.016900 - Found IEFUTL@.txt (text/plain) in CBT.V508.FILE456.PDS, moved to PDS/IEFUTL@
2025-04-04 10:03:06.017008 - Found IKJEFF10.txt (text/plain) in CBT.V508.FILE456.PDS, moved to PDS/IKJEFF10
2025-04-04 10:03:06.017138 - Found IKJEF10$.jcl (text/plain) in CBT.V508.FILE456.PDS, moved to PDS/IKJEF10$
2025-04-04 10:03:06.017260 - Found IKJEF10@.txt (text/plain) in CBT.V508.FILE456.PDS, moved to PDS/IKJEF10@
2025-04-04 10:03:06.017379 - Found JES2XIT$.jcl (text/plain) in CBT.V508.FILE456.PDS, moved to PDS/JES2XIT$
2025-04-04 10:03:06.017493 - Found JES2XIT@.txt (text/plain) in CBT.V508.FILE456.PDS, moved to PDS/JES2XIT@
2025-04-04 10:03:06.017635 - Found LMRUTIL.txt (text/plain) in CBT.V508.FILE456.PDS, moved to PDS/LMRUTIL
2025-04-04 10:03:06.017754 - Found LMRUTIL$.jcl (text/plain) in CBT.V508.FILE456.PDS, moved to PDS/LMRUTIL$
2025-04-04 10:03:06.017867 - Found LMRUTIL@.txt (text/plain) in CBT.V508.FILE456.PDS, moved to PDS/LMRUTIL@
2025-04-04 10:03:06.017975 - Found LTACC.txt (text/plain) in CBT.V508.FILE456.PDS, moved to PDS/LTACC
2025-04-04 10:03:06.018094 - Found LTACC$.jcl (text/plain) in CBT.V508.FILE456.PDS, moved to PDS/LTACC$
2025-04-04 10:03:06.018254 - Found LTACC@.txt (text/plain) in CBT.V508.FILE456.PDS, moved to PDS/LTACC@
2025-04-04 10:03:06.018371 - Found PDSPURG$.jcl (text/plain) in CBT.V508.FILE456.PDS, moved to PDS/PDSPURG$
2025-04-04 10:03:06.018490 - Found PDSPURG@.txt (text/plain) in CBT.V508.FILE456.PDS, moved to PDS/PDSPURG@
2025-04-04 10:03:06.018622 - Found PDSPURGE.txt (text/plain) in CBT.V508.FILE456.PDS, moved to PDS/PDSPURGE
2025-04-04 10:03:06.018747 - Found PVSD.txt (text/plain) in CBT.V508.FILE456.PDS, moved to PDS/PVSD
2025-04-04 10:03:06.018870 - Found PVSD$.jcl (text/plain) in CBT.V508.FILE456.PDS, moved to PDS/PVSD$
2025-04-04 10:03:06.018981 - Found PVSD@.txt (text/plain) in CBT.V508.FILE456.PDS, moved to PDS/PVSD@
2025-04-04 10:03:06.019100 - Found RACFXIT$.jcl (text/plain) in CBT.V508.FILE456.PDS, moved to PDS/RACFXIT$
2025-04-04 10:03:06.019214 - Found RACFXIT@.txt (text/plain) in CBT.V508.FILE456.PDS, moved to PDS/RACFXIT@
2025-04-04 10:03:06.019329 - Found RENAMP.txt (text/plain) in CBT.V508.FILE456.PDS, moved to PDS/RENAMP
2025-04-04 10:03:06.019462 - Found RENAMP$.jcl (text/plain) in CBT.V508.FILE456.PDS, moved to PDS/RENAMP$
2025-04-04 10:03:06.019580 - Found RENAMP@.txt (text/plain) in CBT.V508.FILE456.PDS, moved to PDS/RENAMP@
2025-04-04 10:03:06.019696 - Found RSMANAL.txt (text/plain) in CBT.V508.FILE456.PDS, moved to PDS/RSMANAL
2025-04-04 10:03:06.019831 - Found RSMANAL$.jcl (text/plain) in CBT.V508.FILE456.PDS, moved to PDS/RSMANAL$
2025-04-04 10:03:06.019944 - Found RSMANAL@.txt (text/plain) in CBT.V508.FILE456.PDS, moved to PDS/RSMANAL@
2025-04-04 10:03:06.020063 - Found SCHEDLO$.jcl (text/plain) in CBT.V508.FILE456.PDS, moved to PDS/SCHEDLO$
2025-04-04 10:03:06.020174 - Found SCHEDLOG.txt (text/plain) in CBT.V508.FILE456.PDS, moved to PDS/SCHEDLOG
2025-04-04 10:03:06.020287 - Found SEEKANA$.jcl (text/plain) in CBT.V508.FILE456.PDS, moved to PDS/SEEKANA$
2025-04-04 10:03:06.020412 - Found SEEKANA@.txt (text/plain) in CBT.V508.FILE456.PDS, moved to PDS/SEEKANA@
2025-04-04 10:03:06.020528 - Found SEEKANAL.txt (text/plain) in CBT.V508.FILE456.PDS, moved to PDS/SEEKANAL
2025-04-04 10:03:06.020645 - Found SHUTDOW$.jcl (text/plain) in CBT.V508.FILE456.PDS, moved to PDS/SHUTDOW$
2025-04-04 10:03:06.020770 - Found SHUTDOW@.txt (text/plain) in CBT.V508.FILE456.PDS, moved to PDS/SHUTDOW@
2025-04-04 10:03:06.020885 - Found SHUTDOWN.txt (text/plain) in CBT.V508.FILE456.PDS, moved to PDS/SHUTDOWN
2025-04-04 10:03:06.020996 - Found SLABEL.txt (text/plain) in CBT.V508.FILE456.PDS, moved to PDS/SLABEL
2025-04-04 10:03:06.021109 - Found SLABEL$.jcl (text/plain) in CBT.V508.FILE456.PDS, moved to PDS/SLABEL$
2025-04-04 10:03:06.021226 - Found SLABEL@.txt (text/plain) in CBT.V508.FILE456.PDS, moved to PDS/SLABEL@
2025-04-04 10:03:06.021343 - Found SMFEXIT$.jcl (text/plain) in CBT.V508.FILE456.PDS, moved to PDS/SMFEXIT$
2025-04-04 10:03:06.021456 - Found SMFEXIT@.txt (text/plain) in CBT.V508.FILE456.PDS, moved to PDS/SMFEXIT@
2025-04-04 10:03:06.021565 - Found STRTEST.txt (text/plain) in CBT.V508.FILE456.PDS, moved to PDS/STRTEST
2025-04-04 10:03:06.021696 - Found STRTEST$.jcl (text/plain) in CBT.V508.FILE456.PDS, moved to PDS/STRTEST$
2025-04-04 10:03:06.021809 - Found TIEFUJV.txt (text/plain) in CBT.V508.FILE456.PDS, moved to PDS/TIEFUJV
2025-04-04 10:03:06.021933 - Found TIEFUJV$.jcl (text/plain) in CBT.V508.FILE456.PDS, moved to PDS/TIEFUJV$
2025-04-04 10:03:06.022054 - Found TIEFUJV@.txt (text/plain) in CBT.V508.FILE456.PDS, moved to PDS/TIEFUJV@
2025-04-04 10:03:06.022179 - Found TTCBRB.txt (text/plain) in CBT.V508.FILE456.PDS, moved to PDS/TTCBRB
2025-04-04 10:03:06.022294 - Found TTCBRB$.jcl (text/plain) in CBT.V508.FILE456.PDS, moved to PDS/TTCBRB$
2025-04-04 10:03:06.022410 - Found TTCBRB@.txt (text/plain) in CBT.V508.FILE456.PDS, moved to PDS/TTCBRB@
2025-04-04 10:03:06.022519 - Found TUTGEN.txt (text/plain) in CBT.V508.FILE456.PDS, moved to PDS/TUTGEN
2025-04-04 10:03:06.022639 - Found TUTOLIS$.jcl (text/plain) in CBT.V508.FILE456.PDS, moved to PDS/TUTOLIS$
2025-04-04 10:03:06.022758 - Found TUTOLIS@.txt (text/plain) in CBT.V508.FILE456.PDS, moved to PDS/TUTOLIS@
2025-04-04 10:03:06.022869 - Found TUTOLIST.txt (text/plain) in CBT.V508.FILE456.PDS, moved to PDS/TUTOLIST
2025-04-04 10:03:06.023010 - Found UJVD.txt (text/plain) in CBT.V508.FILE456.PDS, moved to PDS/UJVD
2025-04-04 10:03:06.023129 - Found UJVD$.jcl (text/plain) in CBT.V508.FILE456.PDS, moved to PDS/UJVD$
2025-04-04 10:03:06.023247 - Found UJVD@.txt (text/plain) in CBT.V508.FILE456.PDS, moved to PDS/UJVD@
2025-04-04 10:03:06.023370 - Found UJVT.txt (text/plain) in CBT.V508.FILE456.PDS, moved to PDS/UJVT
2025-04-04 10:03:06.023483 - Found UJVT$.jcl (text/plain) in CBT.V508.FILE456.PDS, moved to PDS/UJVT$
2025-04-04 10:03:06.023595 - Found UJVT@.txt (text/plain) in CBT.V508.FILE456.PDS, moved to PDS/UJVT@
2025-04-04 10:03:06.023726 - Found UJVTABL$.jcl (text/plain) in CBT.V508.FILE456.PDS, moved to PDS/UJVTABL$
2025-04-04 10:03:06.023848 - Found UJVTABLE.txt (text/plain) in CBT.V508.FILE456.PDS, moved to PDS/UJVTABLE
2025-04-04 10:03:06.023960 - Found VSMANAL.txt (text/plain) in CBT.V508.FILE456.PDS, moved to PDS/VSMANAL
2025-04-04 10:03:06.024075 - Found VSMANAL$.jcl (text/plain) in CBT.V508.FILE456.PDS, moved to PDS/VSMANAL$
2025-04-04 10:03:06.024206 - Found VSMANAL@.txt (text/plain) in CBT.V508.FILE456.PDS, moved to PDS/VSMANAL@
2025-04-04 10:03:06.024321 - Found VTOCANA$.jcl (text/plain) in CBT.V508.FILE456.PDS, moved to PDS/VTOCANA$
2025-04-04 10:03:06.024434 - Found VTOCANA@.txt (text/plain) in CBT.V508.FILE456.PDS, moved to PDS/VTOCANA@
2025-04-04 10:03:06.024551 - Found VTOCANAL.txt (text/plain) in CBT.V508.FILE456.PDS, moved to PDS/VTOCANAL
2025-04-04 10:03:06.024663 - Found YATIL.txt (text/plain) in CBT.V508.FILE456.PDS, moved to PDS/YATIL
2025-04-04 10:03:06.024779 - Found YATIL$.jcl (text/plain) in CBT.V508.FILE456.PDS, moved to PDS/YATIL$
2025-04-04 10:03:06.024892 - Found YATIL@.txt (text/plain) in CBT.V508.FILE456.PDS, moved to PDS/YATIL@
2025-04-04 10:03:06.025019 - Found YPACK.txt (text/plain) in CBT.V508.FILE456.PDS, moved to PDS/YPACK
2025-04-04 10:03:06.025138 - Found YPACK$.jcl (text/plain) in CBT.V508.FILE456.PDS, moved to PDS/YPACK$
2025-04-04 10:03:06.025257 - Found YPACK@.txt (text/plain) in CBT.V508.FILE456.PDS, moved to PDS/YPACK@
2025-04-04 10:03:06.025371 - Found ZPACK.txt (text/plain) in CBT.V508.FILE456.PDS, moved to PDS/ZPACK
2025-04-04 10:03:06.025490 - Found ZPACK$.jcl (text/plain) in CBT.V508.FILE456.PDS, moved to PDS/ZPACK$
2025-04-04 10:03:06.025621 - Found ZPACK@.txt (text/plain) in CBT.V508.FILE456.PDS, moved to PDS/ZPACK@
2025-04-04 10:03:06.025731 - Found ZYDIAG.txt (text/plain) in CBT.V508.FILE456.PDS, moved to PDS/ZYDIAG
2025-04-04 10:03:06.025844 - Found ZYDIAG$.jcl (text/plain) in CBT.V508.FILE456.PDS, moved to PDS/ZYDIAG$
2025-04-04 10:03:06.025963 - Found ZYDIAG@.txt (text/plain) in CBT.V508.FILE456.PDS, moved to PDS/ZYDIAG@
